<?xml version="1.0" encoding="UTF-8"?>
<testsuite xmlns:xsi="http://www.w3.org/2001/XMLSchema-instance" xsi:noNamespaceSchemaLocation="https://maven.apache.org/surefire/maven-surefire-plugin/xsd/surefire-test-report-3.0.xsd" version="3.0" name="TestSuite" time="0.383" tests="6" errors="0" skipped="0" failures="0">
  <properties>
    <property name="sun.desktop" value="windows"/>
    <property name="awt.toolkit" value="sun.awt.windows.WToolkit"/>
    <property name="java.specification.version" value="11"/>
    <property name="sun.cpu.isalist" value="amd64"/>
    <property name="sun.jnu.encoding" value="Cp1252"/>
    <property name="java.class.path" value="C:\Users\VATAN CHOUDHARY\eclipse-workspace\Mavenjava\target\test-classes;C:\Users\VATAN CHOUDHARY\eclipse-workspace\Mavenjava\target\classes;C:\Users\VATAN CHOUDHARY\.m2\repository\org\seleniumhq\selenium\selenium-java\3.6.0\selenium-java-3.6.0.jar;C:\Users\VATAN CHOUDHARY\.m2\repository\org\seleniumhq\selenium\selenium-api\3.6.0\selenium-api-3.6.0.jar;C:\Users\VATAN CHOUDHARY\.m2\repository\org\seleniumhq\selenium\selenium-chrome-driver\3.6.0\selenium-chrome-driver-3.6.0.jar;C:\Users\VATAN CHOUDHARY\.m2\repository\org\seleniumhq\selenium\selenium-edge-driver\3.6.0\selenium-edge-driver-3.6.0.jar;C:\Users\VATAN CHOUDHARY\.m2\repository\org\seleniumhq\selenium\selenium-firefox-driver\3.6.0\selenium-firefox-driver-3.6.0.jar;C:\Users\VATAN CHOUDHARY\.m2\repository\org\seleniumhq\selenium\selenium-ie-driver\3.6.0\selenium-ie-driver-3.6.0.jar;C:\Users\VATAN CHOUDHARY\.m2\repository\org\seleniumhq\selenium\selenium-opera-driver\3.6.0\selenium-opera-driver-3.6.0.jar;C:\Users\VATAN CHOUDHARY\.m2\repository\org\seleniumhq\selenium\selenium-remote-driver\3.6.0\selenium-remote-driver-3.6.0.jar;C:\Users\VATAN CHOUDHARY\.m2\repository\org\seleniumhq\selenium\selenium-safari-driver\3.6.0\selenium-safari-driver-3.6.0.jar;C:\Users\VATAN CHOUDHARY\.m2\repository\org\seleniumhq\selenium\selenium-support\3.6.0\selenium-support-3.6.0.jar;C:\Users\VATAN CHOUDHARY\.m2\repository\net\bytebuddy\byte-buddy\1.7.5\byte-buddy-1.7.5.jar;C:\Users\VATAN CHOUDHARY\.m2\repository\org\apache\commons\commons-exec\1.3\commons-exec-1.3.jar;C:\Users\VATAN CHOUDHARY\.m2\repository\commons-codec\commons-codec\1.10\commons-codec-1.10.jar;C:\Users\VATAN CHOUDHARY\.m2\repository\commons-logging\commons-logging\1.2\commons-logging-1.2.jar;C:\Users\VATAN CHOUDHARY\.m2\repository\com\google\code\gson\gson\2.8.0\gson-2.8.0.jar;C:\Users\VATAN CHOUDHARY\.m2\repository\com\google\guava\guava\23.0\guava-23.0.jar;C:\Users\VATAN CHOUDHARY\.m2\repository\com\google\code\findbugs\jsr305\1.3.9\jsr305-1.3.9.jar;C:\Users\VATAN CHOUDHARY\.m2\repository\com\google\errorprone\error_prone_annotations\2.0.18\error_prone_annotations-2.0.18.jar;C:\Users\VATAN CHOUDHARY\.m2\repository\com\google\j2objc\j2objc-annotations\1.1\j2objc-annotations-1.1.jar;C:\Users\VATAN CHOUDHARY\.m2\repository\org\codehaus\mojo\animal-sniffer-annotations\1.14\animal-sniffer-annotations-1.14.jar;C:\Users\VATAN CHOUDHARY\.m2\repository\org\apache\httpcomponents\httpclient\4.5.3\httpclient-4.5.3.jar;C:\Users\VATAN CHOUDHARY\.m2\repository\org\apache\httpcomponents\httpcore\4.4.6\httpcore-4.4.6.jar;C:\Users\VATAN CHOUDHARY\.m2\repository\net\java\dev\jna\jna\4.1.0\jna-4.1.0.jar;C:\Users\VATAN CHOUDHARY\.m2\repository\net\java\dev\jna\jna-platform\4.1.0\jna-platform-4.1.0.jar;C:\Users\VATAN CHOUDHARY\.m2\repository\org\apache\maven\maven-plugin-api\3.8.1\maven-plugin-api-3.8.1.jar;C:\Users\VATAN CHOUDHARY\.m2\repository\org\apache\maven\maven-model\3.8.1\maven-model-3.8.1.jar;C:\Users\VATAN CHOUDHARY\.m2\repository\org\apache\maven\maven-artifact\3.8.1\maven-artifact-3.8.1.jar;C:\Users\VATAN CHOUDHARY\.m2\repository\org\eclipse\sisu\org.eclipse.sisu.plexus\0.3.4\org.eclipse.sisu.plexus-0.3.4.jar;C:\Users\VATAN CHOUDHARY\.m2\repository\javax\enterprise\cdi-api\1.0\cdi-api-1.0.jar;C:\Users\VATAN CHOUDHARY\.m2\repository\javax\annotation\jsr250-api\1.0\jsr250-api-1.0.jar;C:\Users\VATAN CHOUDHARY\.m2\repository\javax\inject\javax.inject\1\javax.inject-1.jar;C:\Users\VATAN CHOUDHARY\.m2\repository\org\eclipse\sisu\org.eclipse.sisu.inject\0.3.4\org.eclipse.sisu.inject-0.3.4.jar;C:\Users\VATAN CHOUDHARY\.m2\repository\org\codehaus\plexus\plexus-component-annotations\1.5.5\plexus-component-annotations-1.5.5.jar;C:\Users\VATAN CHOUDHARY\.m2\repository\org\codehaus\plexus\plexus-utils\3.2.1\plexus-utils-3.2.1.jar;C:\Users\VATAN CHOUDHARY\.m2\repository\org\codehaus\plexus\plexus-classworlds\2.6.0\plexus-classworlds-2.6.0.jar;C:\Users\VATAN CHOUDHARY\.m2\repository\io\rest-assured\rest-assured\4.4.0\rest-assured-4.4.0.jar;C:\Users\VATAN CHOUDHARY\.m2\repository\org\codehaus\groovy\groovy\3.0.8\groovy-3.0.8.jar;C:\Users\VATAN CHOUDHARY\.m2\repository\org\codehaus\groovy\groovy-xml\3.0.8\groovy-xml-3.0.8.jar;C:\Users\VATAN CHOUDHARY\.m2\repository\org\apache\httpcomponents\httpmime\4.5.13\httpmime-4.5.13.jar;C:\Users\VATAN CHOUDHARY\.m2\repository\org\hamcrest\hamcrest\2.1\hamcrest-2.1.jar;C:\Users\VATAN CHOUDHARY\.m2\repository\org\ccil\cowan\tagsoup\tagsoup\1.2.1\tagsoup-1.2.1.jar;C:\Users\VATAN CHOUDHARY\.m2\repository\io\rest-assured\json-path\4.4.0\json-path-4.4.0.jar;C:\Users\VATAN CHOUDHARY\.m2\repository\org\codehaus\groovy\groovy-json\3.0.8\groovy-json-3.0.8.jar;C:\Users\VATAN CHOUDHARY\.m2\repository\io\rest-assured\rest-assured-common\4.4.0\rest-assured-common-4.4.0.jar;C:\Users\VATAN CHOUDHARY\.m2\repository\io\rest-assured\xml-path\4.4.0\xml-path-4.4.0.jar;C:\Users\VATAN CHOUDHARY\.m2\repository\jakarta\xml\bind\jakarta.xml.bind-api\2.3.3\jakarta.xml.bind-api-2.3.3.jar;C:\Users\VATAN CHOUDHARY\.m2\repository\jakarta\activation\jakarta.activation-api\1.2.2\jakarta.activation-api-1.2.2.jar;C:\Users\VATAN CHOUDHARY\.m2\repository\com\sun\xml\bind\jaxb-impl\2.3.3\jaxb-impl-2.3.3.jar;C:\Users\VATAN CHOUDHARY\.m2\repository\io\appium\java-client\7.5.1\java-client-7.5.1.jar;C:\Users\VATAN CHOUDHARY\.m2\repository\cglib\cglib\3.3.0\cglib-3.3.0.jar;C:\Users\VATAN CHOUDHARY\.m2\repository\org\ow2\asm\asm\7.1\asm-7.1.jar;C:\Users\VATAN CHOUDHARY\.m2\repository\commons-validator\commons-validator\1.7\commons-validator-1.7.jar;C:\Users\VATAN CHOUDHARY\.m2\repository\commons-beanutils\commons-beanutils\1.9.4\commons-beanutils-1.9.4.jar;C:\Users\VATAN CHOUDHARY\.m2\repository\commons-digester\commons-digester\2.1\commons-digester-2.1.jar;C:\Users\VATAN CHOUDHARY\.m2\repository\commons-collections\commons-collections\3.2.2\commons-collections-3.2.2.jar;C:\Users\VATAN CHOUDHARY\.m2\repository\org\apache\commons\commons-lang3\3.12.0\commons-lang3-3.12.0.jar;C:\Users\VATAN CHOUDHARY\.m2\repository\commons-io\commons-io\2.8.0\commons-io-2.8.0.jar;C:\Users\VATAN CHOUDHARY\.m2\repository\org\springframework\spring-context\5.3.4\spring-context-5.3.4.jar;C:\Users\VATAN CHOUDHARY\.m2\repository\org\springframework\spring-aop\5.3.4\spring-aop-5.3.4.jar;C:\Users\VATAN CHOUDHARY\.m2\repository\org\springframework\spring-beans\5.3.4\spring-beans-5.3.4.jar;C:\Users\VATAN CHOUDHARY\.m2\repository\org\springframework\spring-core\5.3.4\spring-core-5.3.4.jar;C:\Users\VATAN CHOUDHARY\.m2\repository\org\springframework\spring-jcl\5.3.4\spring-jcl-5.3.4.jar;C:\Users\VATAN CHOUDHARY\.m2\repository\org\springframework\spring-expression\5.3.4\spring-expression-5.3.4.jar;C:\Users\VATAN CHOUDHARY\.m2\repository\org\aspectj\aspectjweaver\1.9.6\aspectjweaver-1.9.6.jar;C:\Users\VATAN CHOUDHARY\.m2\repository\org\slf4j\slf4j-api\1.7.30\slf4j-api-1.7.30.jar;C:\Users\VATAN CHOUDHARY\.m2\repository\org\testng\testng\7.4.0\testng-7.4.0.jar;C:\Users\VATAN CHOUDHARY\.m2\repository\com\beust\jcommander\1.78\jcommander-1.78.jar;C:\Users\VATAN CHOUDHARY\.m2\repository\org\webjars\jquery\3.5.1\jquery-3.5.1.jar;"/>
    <property name="java.vm.vendor" value="Oracle Corporation"/>
    <property name="sun.arch.data.model" value="64"/>
    <property name="user.variant" value=""/>
    <property name="java.vendor.url" value="https://openjdk.java.net/"/>
    <property name="user.timezone" value="Asia/Calcutta"/>
    <property name="java.vm.specification.version" value="11"/>
    <property name="os.name" value="Windows 10"/>
    <property name="sun.java.launcher" value="SUN_STANDARD"/>
    <property name="user.country" value="IN"/>
    <property name="sun.boot.library.path" value="C:\Program Files\JAVA\jdk-11.0.11_windows-x64_bin\jdk-11.0.11\bin"/>
    <property name="sun.java.command" value="C:\Users\VATAN CHOUDHARY\AppData\Local\Temp\surefire10754530231625542569\surefirebooter4037527109805520369.jar C:\Users\VATAN CHOUDHARY\AppData\Local\Temp\surefire10754530231625542569 2021-07-11T01-02-33_578-jvmRun1 surefire3202821500399324239tmp surefire_015695135851318617482tmp"/>
    <property name="jdk.debug" value="release"/>
    <property name="surefire.test.class.path" value="C:\Users\VATAN CHOUDHARY\eclipse-workspace\Mavenjava\target\test-classes;C:\Users\VATAN CHOUDHARY\eclipse-workspace\Mavenjava\target\classes;C:\Users\VATAN CHOUDHARY\.m2\repository\org\seleniumhq\selenium\selenium-java\3.6.0\selenium-java-3.6.0.jar;C:\Users\VATAN CHOUDHARY\.m2\repository\org\seleniumhq\selenium\selenium-api\3.6.0\selenium-api-3.6.0.jar;C:\Users\VATAN CHOUDHARY\.m2\repository\org\seleniumhq\selenium\selenium-chrome-driver\3.6.0\selenium-chrome-driver-3.6.0.jar;C:\Users\VATAN CHOUDHARY\.m2\repository\org\seleniumhq\selenium\selenium-edge-driver\3.6.0\selenium-edge-driver-3.6.0.jar;C:\Users\VATAN CHOUDHARY\.m2\repository\org\seleniumhq\selenium\selenium-firefox-driver\3.6.0\selenium-firefox-driver-3.6.0.jar;C:\Users\VATAN CHOUDHARY\.m2\repository\org\seleniumhq\selenium\selenium-ie-driver\3.6.0\selenium-ie-driver-3.6.0.jar;C:\Users\VATAN CHOUDHARY\.m2\repository\org\seleniumhq\selenium\selenium-opera-driver\3.6.0\selenium-opera-driver-3.6.0.jar;C:\Users\VATAN CHOUDHARY\.m2\repository\org\seleniumhq\selenium\selenium-remote-driver\3.6.0\selenium-remote-driver-3.6.0.jar;C:\Users\VATAN CHOUDHARY\.m2\repository\org\seleniumhq\selenium\selenium-safari-driver\3.6.0\selenium-safari-driver-3.6.0.jar;C:\Users\VATAN CHOUDHARY\.m2\repository\org\seleniumhq\selenium\selenium-support\3.6.0\selenium-support-3.6.0.jar;C:\Users\VATAN CHOUDHARY\.m2\repository\net\bytebuddy\byte-buddy\1.7.5\byte-buddy-1.7.5.jar;C:\Users\VATAN CHOUDHARY\.m2\repository\org\apache\commons\commons-exec\1.3\commons-exec-1.3.jar;C:\Users\VATAN CHOUDHARY\.m2\repository\commons-codec\commons-codec\1.10\commons-codec-1.10.jar;C:\Users\VATAN CHOUDHARY\.m2\repository\commons-logging\commons-logging\1.2\commons-logging-1.2.jar;C:\Users\VATAN CHOUDHARY\.m2\repository\com\google\code\gson\gson\2.8.0\gson-2.8.0.jar;C:\Users\VATAN CHOUDHARY\.m2\repository\com\google\guava\guava\23.0\guava-23.0.jar;C:\Users\VATAN CHOUDHARY\.m2\repository\com\google\code\findbugs\jsr305\1.3.9\jsr305-1.3.9.jar;C:\Users\VATAN CHOUDHARY\.m2\repository\com\google\errorprone\error_prone_annotations\2.0.18\error_prone_annotations-2.0.18.jar;C:\Users\VATAN CHOUDHARY\.m2\repository\com\google\j2objc\j2objc-annotations\1.1\j2objc-annotations-1.1.jar;C:\Users\VATAN CHOUDHARY\.m2\repository\org\codehaus\mojo\animal-sniffer-annotations\1.14\animal-sniffer-annotations-1.14.jar;C:\Users\VATAN CHOUDHARY\.m2\repository\org\apache\httpcomponents\httpclient\4.5.3\httpclient-4.5.3.jar;C:\Users\VATAN CHOUDHARY\.m2\repository\org\apache\httpcomponents\httpcore\4.4.6\httpcore-4.4.6.jar;C:\Users\VATAN CHOUDHARY\.m2\repository\net\java\dev\jna\jna\4.1.0\jna-4.1.0.jar;C:\Users\VATAN CHOUDHARY\.m2\repository\net\java\dev\jna\jna-platform\4.1.0\jna-platform-4.1.0.jar;C:\Users\VATAN CHOUDHARY\.m2\repository\org\apache\maven\maven-plugin-api\3.8.1\maven-plugin-api-3.8.1.jar;C:\Users\VATAN CHOUDHARY\.m2\repository\org\apache\maven\maven-model\3.8.1\maven-model-3.8.1.jar;C:\Users\VATAN CHOUDHARY\.m2\repository\org\apache\maven\maven-artifact\3.8.1\maven-artifact-3.8.1.jar;C:\Users\VATAN CHOUDHARY\.m2\repository\org\eclipse\sisu\org.eclipse.sisu.plexus\0.3.4\org.eclipse.sisu.plexus-0.3.4.jar;C:\Users\VATAN CHOUDHARY\.m2\repository\javax\enterprise\cdi-api\1.0\cdi-api-1.0.jar;C:\Users\VATAN CHOUDHARY\.m2\repository\javax\annotation\jsr250-api\1.0\jsr250-api-1.0.jar;C:\Users\VATAN CHOUDHARY\.m2\repository\javax\inject\javax.inject\1\javax.inject-1.jar;C:\Users\VATAN CHOUDHARY\.m2\repository\org\eclipse\sisu\org.eclipse.sisu.inject\0.3.4\org.eclipse.sisu.inject-0.3.4.jar;C:\Users\VATAN CHOUDHARY\.m2\repository\org\codehaus\plexus\plexus-component-annotations\1.5.5\plexus-component-annotations-1.5.5.jar;C:\Users\VATAN CHOUDHARY\.m2\repository\org\codehaus\plexus\plexus-utils\3.2.1\plexus-utils-3.2.1.jar;C:\Users\VATAN CHOUDHARY\.m2\repository\org\codehaus\plexus\plexus-classworlds\2.6.0\plexus-classworlds-2.6.0.jar;C:\Users\VATAN CHOUDHARY\.m2\repository\io\rest-assured\rest-assured\4.4.0\rest-assured-4.4.0.jar;C:\Users\VATAN CHOUDHARY\.m2\repository\org\codehaus\groovy\groovy\3.0.8\groovy-3.0.8.jar;C:\Users\VATAN CHOUDHARY\.m2\repository\org\codehaus\groovy\groovy-xml\3.0.8\groovy-xml-3.0.8.jar;C:\Users\VATAN CHOUDHARY\.m2\repository\org\apache\httpcomponents\httpmime\4.5.13\httpmime-4.5.13.jar;C:\Users\VATAN CHOUDHARY\.m2\repository\org\hamcrest\hamcrest\2.1\hamcrest-2.1.jar;C:\Users\VATAN CHOUDHARY\.m2\repository\org\ccil\cowan\tagsoup\tagsoup\1.2.1\tagsoup-1.2.1.jar;C:\Users\VATAN CHOUDHARY\.m2\repository\io\rest-assured\json-path\4.4.0\json-path-4.4.0.jar;C:\Users\VATAN CHOUDHARY\.m2\repository\org\codehaus\groovy\groovy-json\3.0.8\groovy-json-3.0.8.jar;C:\Users\VATAN CHOUDHARY\.m2\repository\io\rest-assured\rest-assured-common\4.4.0\rest-assured-common-4.4.0.jar;C:\Users\VATAN CHOUDHARY\.m2\repository\io\rest-assured\xml-path\4.4.0\xml-path-4.4.0.jar;C:\Users\VATAN CHOUDHARY\.m2\repository\jakarta\xml\bind\jakarta.xml.bind-api\2.3.3\jakarta.xml.bind-api-2.3.3.jar;C:\Users\VATAN CHOUDHARY\.m2\repository\jakarta\activation\jakarta.activation-api\1.2.2\jakarta.activation-api-1.2.2.jar;C:\Users\VATAN CHOUDHARY\.m2\repository\com\sun\xml\bind\jaxb-impl\2.3.3\jaxb-impl-2.3.3.jar;C:\Users\VATAN CHOUDHARY\.m2\repository\io\appium\java-client\7.5.1\java-client-7.5.1.jar;C:\Users\VATAN CHOUDHARY\.m2\repository\cglib\cglib\3.3.0\cglib-3.3.0.jar;C:\Users\VATAN CHOUDHARY\.m2\repository\org\ow2\asm\asm\7.1\asm-7.1.jar;C:\Users\VATAN CHOUDHARY\.m2\repository\commons-validator\commons-validator\1.7\commons-validator-1.7.jar;C:\Users\VATAN CHOUDHARY\.m2\repository\commons-beanutils\commons-beanutils\1.9.4\commons-beanutils-1.9.4.jar;C:\Users\VATAN CHOUDHARY\.m2\repository\commons-digester\commons-digester\2.1\commons-digester-2.1.jar;C:\Users\VATAN CHOUDHARY\.m2\repository\commons-collections\commons-collections\3.2.2\commons-collections-3.2.2.jar;C:\Users\VATAN CHOUDHARY\.m2\repository\org\apache\commons\commons-lang3\3.12.0\commons-lang3-3.12.0.jar;C:\Users\VATAN CHOUDHARY\.m2\repository\commons-io\commons-io\2.8.0\commons-io-2.8.0.jar;C:\Users\VATAN CHOUDHARY\.m2\repository\org\springframework\spring-context\5.3.4\spring-context-5.3.4.jar;C:\Users\VATAN CHOUDHARY\.m2\repository\org\springframework\spring-aop\5.3.4\spring-aop-5.3.4.jar;C:\Users\VATAN CHOUDHARY\.m2\repository\org\springframework\spring-beans\5.3.4\spring-beans-5.3.4.jar;C:\Users\VATAN CHOUDHARY\.m2\repository\org\springframework\spring-core\5.3.4\spring-core-5.3.4.jar;C:\Users\VATAN CHOUDHARY\.m2\repository\org\springframework\spring-jcl\5.3.4\spring-jcl-5.3.4.jar;C:\Users\VATAN CHOUDHARY\.m2\repository\org\springframework\spring-expression\5.3.4\spring-expression-5.3.4.jar;C:\Users\VATAN CHOUDHARY\.m2\repository\org\aspectj\aspectjweaver\1.9.6\aspectjweaver-1.9.6.jar;C:\Users\VATAN CHOUDHARY\.m2\repository\org\slf4j\slf4j-api\1.7.30\slf4j-api-1.7.30.jar;C:\Users\VATAN CHOUDHARY\.m2\repository\org\testng\testng\7.4.0\testng-7.4.0.jar;C:\Users\VATAN CHOUDHARY\.m2\repository\com\beust\jcommander\1.78\jcommander-1.78.jar;C:\Users\VATAN CHOUDHARY\.m2\repository\org\webjars\jquery\3.5.1\jquery-3.5.1.jar;"/>
    <property name="sun.cpu.endian" value="little"/>
    <property name="user.home" value="C:\Users\VATAN CHOUDHARY"/>
    <property name="user.language" value="en"/>
    <property name="java.specification.vendor" value="Oracle Corporation"/>
    <property name="java.version.date" value="2021-04-20"/>
    <property name="java.home" value="C:\Program Files\JAVA\jdk-11.0.11_windows-x64_bin\jdk-11.0.11"/>
    <property name="file.separator" value="\"/>
    <property name="basedir" value="C:\Users\VATAN CHOUDHARY\eclipse-workspace\Mavenjava"/>
    <property name="java.vm.compressedOopsMode" value="32-bit"/>
    <property name="line.separator" value="&#10;"/>
    <property name="java.specification.name" value="Java Platform API Specification"/>
    <property name="java.vm.specification.vendor" value="Oracle Corporation"/>
    <property name="java.awt.graphicsenv" value="sun.awt.Win32GraphicsEnvironment"/>
    <property name="surefire.real.class.path" value="C:\Users\VATAN CHOUDHARY\AppData\Local\Temp\surefire10754530231625542569\surefirebooter4037527109805520369.jar"/>
    <property name="user.script" value=""/>
    <property name="sun.management.compiler" value="HotSpot 64-Bit Tiered Compilers"/>
    <property name="java.runtime.version" value="11.0.11+9-LTS-194"/>
    <property name="user.name" value="VATAN CHOUDHARY"/>
    <property name="path.separator" value=";"/>
    <property name="os.version" value="10.0"/>
    <property name="java.runtime.name" value="Java(TM) SE Runtime Environment"/>
    <property name="file.encoding" value="Cp1252"/>
    <property name="java.vm.name" value="Java HotSpot(TM) 64-Bit Server VM"/>
    <property name="java.vendor.version" value="18.9"/>
    <property name="localRepository" value="C:\Users\VATAN CHOUDHARY\.m2\repository"/>
    <property name="java.vendor.url.bug" value="https://bugreport.java.com/bugreport/"/>
    <property name="java.io.tmpdir" value="C:\Users\VATANC~1\AppData\Local\Temp\"/>
    <property name="java.version" value="11.0.11"/>
    <property name="user.dir" value="C:\Users\VATAN CHOUDHARY\eclipse-workspace\Mavenjava"/>
    <property name="os.arch" value="amd64"/>
    <property name="java.vm.specification.name" value="Java Virtual Machine Specification"/>
    <property name="java.awt.printerjob" value="sun.awt.windows.WPrinterJob"/>
    <property name="sun.os.patch.level" value=""/>
    <property name="java.library.path" value="C:\Program Files\JAVA\jdk-11.0.11_windows-x64_bin\jdk-11.0.11\bin;C:\Windows\Sun\Java\bin;C:\Windows\system32;C:\Windows;C:\Program Files\apache-maven-3.8.1-bin\apache-maven-3.8.1\bin;."/>
    <property name="java.vendor" value="Oracle Corporation"/>
    <property name="java.vm.info" value="mixed mode"/>
    <property name="java.vm.version" value="11.0.11+9-LTS-194"/>
    <property name="sun.io.unicode.encoding" value="UnicodeLittle"/>
    <property name="java.class.version" value="55.0"/>
  </properties>
  <testcase name="printfourth" classname="Closebrothersproject.Mavenjava.SeleniumTest" time="0.004">
    <system-out><![CDATA[getting fourth program
]]></system-out>
  </testcase>
  <testcase name="printthird" classname="Closebrothersproject.Mavenjava.SeleniumTest" time="0.001">
    <system-out><![CDATA[getting third program
]]></system-out>
  </testcase>
  <testcase name="printfirst" classname="Closebrothersproject.Mavenjava.AppiumTest" time="0.001">
    <system-out><![CDATA[Getting first program
]]></system-out>
  </testcase>
  <testcase name="printsecond" classname="Closebrothersproject.Mavenjava.AppiumTest" time="0.001">
    <system-out><![CDATA[Getting second program
]]></system-out>
  </testcase>
  <testcase name="printfifth" classname="Closebrothersproject.Mavenjava.APITest" time="0.001">
    <system-out><![CDATA[getting fifth program
]]></system-out>
  </testcase>
  <testcase name="printsixth" classname="Closebrothersproject.Mavenjava.APITest" time="0.001">
    <system-out><![CDATA[getting sixth program
]]></system-out>
  </testcase>
</testsuite>