<?xml version="1.0" encoding="UTF-8"?>
<!-- Generated by org.testng.reporters.JUnitReportReporter -->
<testsuite hostname="DESKTOP-FLIP56Q" failures="0" tests="2" name="Closebrothersproject.Mavenjava.AppiumTest" time="0.002" errors="0" timestamp="2021-10-17T22:43:28 IST" skipped="0">
  <testcase classname="Closebrothersproject.Mavenjava.AppiumTest" name="printfirst" time="0.001"/>
  <system-out/>
  <testcase classname="Closebrothersproject.Mavenjava.AppiumTest" name="printsecond" time="0.001"/>
  <system-out/>
</testsuite> <!-- Closebrothersproject.Mavenjava.AppiumTest -->
