<?xml version="1.0" encoding="UTF-8"?>
<!-- Generated by org.testng.reporters.JUnitReportReporter -->
<testsuite hostname="DESKTOP-FLIP56Q" failures="0" tests="2" name="Closebrothersproject.Mavenjava.SeleniumTest" time="0.006" errors="0" timestamp="2021-10-17T22:43:28 IST" skipped="0">
  <testcase classname="Closebrothersproject.Mavenjava.SeleniumTest" name="printfourth" time="0.005"/>
  <system-out/>
  <testcase classname="Closebrothersproject.Mavenjava.SeleniumTest" name="printthird" time="0.001"/>
  <system-out/>
</testsuite> <!-- Closebrothersproject.Mavenjava.SeleniumTest -->
