<?xml version="1.0" encoding="UTF-8"?>
<!-- Generated by org.testng.reporters.JUnitReportReporter -->
<testsuite hostname="DESKTOP-FLIP56Q" failures="0" tests="2" name="Closebrothersproject.Mavenjava.AppiumTest" time="0.000" errors="0" timestamp="2021-07-11T01:02:34 IST" skipped="0">
  <testcase classname="Closebrothersproject.Mavenjava.AppiumTest" name="printfirst" time="0.000"/>
  <system-out/>
  <testcase classname="Closebrothersproject.Mavenjava.AppiumTest" name="printsecond" time="0.000"/>
  <system-out/>
</testsuite> <!-- Closebrothersproject.Mavenjava.AppiumTest -->
