<?xml version="1.0" encoding="UTF-8"?>
<!-- Generated by org.testng.reporters.JUnitReportReporter -->
<testsuite hostname="DESKTOP-FLIP56Q" failures="0" tests="2" name="Closebrothersproject.Mavenjava.SeleniumTest" time="0.002" errors="0" timestamp="2021-07-11T01:02:34 IST" skipped="0">
  <testcase classname="Closebrothersproject.Mavenjava.SeleniumTest" name="printfourth" time="0.002"/>
  <system-out/>
  <testcase classname="Closebrothersproject.Mavenjava.SeleniumTest" name="printthird" time="0.000"/>
  <system-out/>
</testsuite> <!-- Closebrothersproject.Mavenjava.SeleniumTest -->
